[2017-05-09T13:54:19.756964] id=30, name=Kepler-705 b, per=56.0560538, mass=0.0156727, sep=0.231978, dist=251.0, mstar=0.53, rstar=0.51, teff=3722.0, fe=0.07
[2017-05-09T13:54:19.759546] id=43, name=Kepler-440 b, per=101.11141, mass=0.0136945, sep=0.353207, dist=261.0, mstar=0.575, rstar=0.559, teff=4134.0, fe=-0.3
[2017-05-09T13:54:19.762558] id=219, name=HD 159868 b, per=1178.4, mass=2.20004, sep=2.29553, dist=58.6854, mstar=1.16, rstar=1.84825, teff=5558.0, fe=-0.08
[2017-05-09T13:54:19.764501] id=296, name=7 CMa b, per=763.0, mass=2.43233, sep=1.80264, dist=19.7511, mstar=1.34, rstar=2.3, teff=4761.0, fe=0.21
[2017-05-09T13:54:19.766280] id=320, name=HD 13908 c, per=931.0, mass=5.13, sep=2.03386, dist=71.2, mstar=1.29, rstar=1.67, teff=6255.0, fe=0.01
[2017-05-09T13:54:19.768158] id=335, name=Kepler-1628 b, per=76.378033, mass=0.112141, sep=0.288651, dist=352.0, mstar=0.55, rstar=0.52, teff=3724.0, fe=0.17
[2017-05-09T13:54:19.769980] id=351, name=Kepler-1341 b, per=132.9968322, mass=0.0267373, sep=0.471386, dist=466.0, mstar=0.79, rstar=0.72, teff=4662.0, fe=0.19
[2017-05-09T13:54:19.771762] id=366, name=HD 28185 b, per=379.0, mass=5.79721, sep=1.02341, dist=42.337, mstar=0.99, rstar=1.00685, teff=5656.0, fe=0.22
[2017-05-09T13:54:19.773545] id=402, name=HD 125612 b, per=559.40487, mass=3.06805, sep=1.3728, dist=54.2005, mstar=1.1, rstar=1.0426, teff=5897.0, fe=0.24
[2017-05-09T13:54:19.775322] id=411, name=HD 153950 b, per=499.4, mass=2.74209, sep=1.28031, dist=49.5295, mstar=1.12, rstar=1.15135, teff=6076.0, fe=-0.01
[2017-05-09T13:54:19.777120] id=500, name=mu Ara b, per=643.25, mass=1.74552, sep=1.5273, dist=15.5111, mstar=1.147, rstar=1.25035, teff=5784.28, fe=0.292921
[2017-05-09T13:54:19.778898] id=541, name=HIP 5158 b, per=345.72, mass=1.42633, sep=0.887919, dist=41.1862, mstar=0.78, rstar=0.986271, teff=4962.0, fe=0.1
[2017-05-09T13:54:19.780666] id=738, name=Kepler-298 d, per=77.473633, mass=0.0196646, sep=0.355666, dist=None, mstar=None, rstar=0.582, teff=4465.0, fe=None
[2017-05-09T13:54:19.782680] id=757, name=Kepler-443 b, per=177.6693, mass=0.0177875, sep=0.558942, dist=779.0, mstar=0.738, rstar=0.706, teff=4723.0, fe=-0.01
[2017-05-09T13:54:19.784457] id=912, name=HD 136118 b, per=1187.3, mass=11.6809, sep=2.33328, dist=46.5766, mstar=1.191, rstar=1.75082, teff=6097.41, fe=-0.0502233
[2017-05-09T13:54:19.786223] id=956, name=HD 213240 b, per=882.7, mass=4.53249, sep=1.88529, dist=40.6339, mstar=1.143, rstar=1.3947, teff=5967.95, fe=0.138711
[2017-05-09T13:54:19.787976] id=980, name=WASP-47 c, per=572.0, mass=1.23683, sep=1.36067, dist=200.0, mstar=1.026, rstar=1.15, teff=5576.0, fe=0.36
[2017-05-09T13:54:19.789740] id=1006, name=Kepler-1544 b, per=168.811174, mass=0.0131362, sep=0.557231, dist=349.0, mstar=0.81, rstar=0.74, teff=4886.0, fe=0.02
[2017-05-09T13:54:19.791513] id=1030, name=Kepler-1636 b, per=425.47785, mass=0.0311545, sep=1.11079, dist=1567.0, mstar=1.01, rstar=1.02, teff=5797.0, fe=0.03
[2017-05-09T13:54:19.793297] id=1063, name=HD 82943 b, per=442.4, mass=1.68512, sep=1.1851, dist=27.4725, mstar=1.133, rstar=1.09738, teff=5997.1, fe=0.265406
[2017-05-09T13:54:19.795055] id=1087, name=HD 137388 b, per=330.0, mass=0.227816, sep=0.88883, dist=38.4468, mstar=0.86, rstar=0.97784, teff=5240.0, fe=0.18
[2017-05-09T13:54:19.796823] id=1107, name=HD 100777 b, per=383.70001, mass=1.16502, sep=1.03378, dist=49.6032, mstar=1.0, rstar=1.07881, teff=5582.0, fe=0.27
[2017-05-09T13:54:19.798619] id=1115, name=HD 222582 b, per=572.38, mass=7.63003, sep=1.33658, dist=41.7711, mstar=0.965, rstar=1.13737, teff=5726.63, fe=-0.0285345
[2017-05-09T13:54:19.800468] id=1137, name=HD 5388 b, per=777.0, mass=1.96509, sep=1.76349, dist=53.7057, mstar=1.21, rstar=1.29538, teff=6297.0, fe=-0.27
[2017-05-09T13:54:19.802340] id=1151, name=HD 4732 c, per=2732.0, mass=2.36493, sep=4.60219, dist=57.9039, mstar=1.74, rstar=5.55146, teff=4959.0, fe=0.01
[2017-05-09T13:54:19.806554] id=1217, name=Kepler-454 c, per=523.9, mass=4.47335, sep=1.28539, dist=None, mstar=1.028, rstar=1.066, teff=5701.0, fe=0.27
[2017-05-09T13:54:19.808468] id=1219, name=Kepler-47 c, per=303.158, mass=0.0729242, sep=0.895669, dist=None, mstar=1.043, rstar=0.964, teff=5636.0, fe=-0.25
[2017-05-09T13:54:19.810264] id=1393, name=WASP-41 c, per=350.3, mass=2.97516, sep=0.950245, dist=180.018, mstar=0.93, rstar=0.87, teff=5545.0, fe=0.06
[2017-05-09T13:54:19.812035] id=1444, name=Kepler-296 f, per=63.335879, mass=0.0131908, sep=0.310961, dist=None, mstar=None, rstar=0.557, teff=4249.0, fe=None
[2017-05-09T13:54:19.813823] id=1445, name=HD 20782 b, per=591.9, mass=1.9, sep=1.36607, dist=35.524, mstar=0.969, rstar=1.12933, teff=5758.36, fe=-0.0510211
[2017-05-09T13:54:19.815590] id=1543, name=Kepler-283 c, per=92.743711, mass=0.013404, sep=0.400986, dist=None, mstar=None, rstar=0.566, teff=4351.0, fe=None
[2017-05-09T13:54:19.817379] id=1558, name=HD 4203 b, per=431.88, mass=2.08215, sep=1.16537, dist=77.2201, mstar=1.13, rstar=1.15783, teff=5701.69, fe=0.452632
[2017-05-09T13:54:19.819162] id=1559, name=Kepler-553 c, per=328.2399546, mass=0.862662, sep=0.905726, dist=725.0, mstar=0.92, rstar=0.85, teff=5266.0, fe=0.21
[2017-05-09T13:54:19.820953] id=1573, name=HD 23079 b, per=730.6, mass=2.4433, sep=1.59509, dist=33.8868, mstar=1.012, rstar=1.16249, teff=5927.07, fe=-0.149704
[2017-05-09T13:54:19.822737] id=1605, name=Kepler-712 c, per=226.89047, mass=0.0779976, sep=0.686927, dist=944.0, mstar=0.84, rstar=0.78, teff=5148.0, fe=-0.03
[2017-05-09T13:54:19.824532] id=1683, name=HD 63765 b, per=358.0, mass=0.643827, sep=0.94038, dist=33.2557, mstar=0.865, rstar=0.975102, teff=5432.0, fe=-0.16
[2017-05-09T13:54:19.826338] id=1773, name=Kepler-1593 b, per=174.509835, mass=0.0300338, sep=0.569703, dist=755.0, mstar=0.81, rstar=0.77, teff=4995.0, fe=0.02
[2017-05-09T13:54:19.828126] id=1797, name=HD 20868 b, per=380.85, mass=2.00901, sep=0.947319, dist=46.2107, mstar=0.78, rstar=1.15581, teff=4795.0, fe=0.04
[2017-05-09T13:54:19.829937] id=1844, name=Kepler-1143 c, per=210.630591, mass=0.0397462, sep=0.645826, dist=632.0, mstar=0.81, rstar=0.77, teff=5053.0, fe=-0.06
[2017-05-09T13:54:19.832020] id=1848, name=55 Cnc f, per=261.2, mass=0.172877, sep=0.773567, dist=12.3411, mstar=0.905, rstar=0.943, teff=5196.0, fe=0.314513
[2017-05-09T13:54:19.833815] id=1926, name=HD 108874 b, per=394.48124, mass=1.2902, sep=1.03527, dist=62.6174, mstar=0.95, rstar=1.12115, teff=5550.95, fe=0.181867
[2017-05-09T13:54:19.835602] id=1936, name=HD 23596 b, per=1561.0, mass=7.74272, sep=2.77219, dist=50.4286, mstar=1.159, rstar=1.96615, teff=5903.55, fe=0.217926
[2017-05-09T13:54:19.837393] id=1999, name=Kepler-442 b, per=112.3053, mass=0.00809285, sep=0.386141, dist=342.0, mstar=0.609, rstar=0.598, teff=4402.0, fe=-0.37
[2017-05-09T13:54:19.839158] id=2053, name=HD 210277 b, per=442.19, mass=1.27275, sep=1.13105, dist=21.561, mstar=0.986, rstar=0.939154, teff=5555.23, fe=0.214293
[2017-05-09T13:54:19.840981] id=2110, name=GJ 3293 b, per=30.6, mass=0.081, sep=0.143394, dist=None, mstar=0.42, rstar=0.404, teff=3466.0, fe=0.02
[2017-05-09T13:54:19.842809] id=2129, name=Kepler-967 c, per=198.7112502, mass=0.0412428, sep=0.628803, dist=499.0, mstar=0.84, rstar=0.8, teff=5178.0, fe=-0.03
[2017-05-09T13:54:19.844609] id=2228, name=Kepler-68 d, per=580.0, mass=0.80971, sep=1.39638, dist=135.0, mstar=1.079, rstar=1.243, teff=5793.0, fe=0.12
[2017-05-09T13:54:19.846407] id=2312, name=Kepler-1634 b, per=374.876239, mass=0.0304768, sep=0.989603, dist=654.0, mstar=0.92, rstar=0.89, teff=5474.0, fe=0.02
[2017-05-09T13:54:19.848202] id=2384, name=HD 99109 b, per=439.3, mass=0.504198, sep=1.10806, dist=49.9251, mstar=0.94, rstar=0.973205, teff=5272.39, fe=0.314846
[2017-05-09T13:54:19.850001] id=2429, name=HD 156411 b, per=842.2, mass=0.732711, sep=1.87545, dist=54.7945, mstar=1.24, rstar=1.85525, teff=5910.0, fe=-0.11
[2017-05-09T13:54:19.851796] id=2467, name=HD 4113 b, per=526.62, mass=1.64829, sep=1.27266, dist=44.0529, mstar=0.99, rstar=1.07428, teff=5688.0, fe=0.2
[2017-05-09T13:54:19.853614] id=2490, name=HD 10180 g, per=602.0, mass=0.0673813, sep=1.42271, dist=39.0168, mstar=1.06, rstar=1.10851, teff=5911.0, fe=0.08
[2017-05-09T13:54:19.855729] id=2545, name=HD 188015 b, per=461.2, mass=1.46957, sep=1.19018, dist=57.0125, mstar=1.056, rstar=1.03281, teff=5745.68, fe=0.288779
[2017-05-09T13:54:19.857590] id=2573, name=HD 1605 c, per=2111.0, mass=3.50295, sep=3.52689, dist=84.6, mstar=1.31, rstar=3.8, teff=4757.0, fe=0.21
[2017-05-09T13:54:19.859378] id=2637, name=HD 183263 b, per=626.516, mass=3.57445, sep=1.49006, dist=55.0964, mstar=1.121, rstar=1.11717, teff=5936.41, fe=0.301955
[2017-05-09T13:54:19.861173] id=2693, name=HD 45364 c, per=342.85, mass=0.658513, sep=0.897549, dist=32.6904, mstar=0.82, rstar=1.02464, teff=5434.0, fe=-0.17
[2017-05-09T13:54:19.862948] id=2701, name=Kepler-1540 b, per=125.4131177, mass=0.0195285, sep=0.443519, dist=262.0, mstar=0.74, rstar=0.69, teff=4540.0, fe=0.1
[2017-05-09T13:54:19.864727] id=2744, name=HD 16760 b, per=465.1, mass=13.2921, sep=1.08727, dist=45.4545, mstar=0.78, rstar=0.909718, teff=5620.0, fe=-0.02
[2017-05-09T13:54:19.866537] id=2861, name=GJ 687 b, per=38.14, mass=0.058, sep=0.165144, dist=4.5, mstar=0.413, rstar=0.4183, teff=3413.0, fe=-0.09
[2017-05-09T13:54:19.868343] id=2876, name=HD 92788 b, per=325.81, mass=3.56392, sep=0.951142, dist=35.461, mstar=1.078, rstar=0.813756, teff=5836.08, fe=0.317892
